This is TeX, Version 3.14159265 (TeX Live 2017) (preloaded format=tex 2017.11.7)  8 MAR 2018 10:37
**statmath.ins
(./statmath.ins (/usr/local/texlive/2017/texmf-dist/tex/latex/base/docstrip.tex
\blockLevel=\count26
\emptyLines=\count27
\processedLines=\count28
\commentsRemoved=\count29
\commentsPassed=\count30
\codeLinesPassed=\count31
\TotalprocessedLines=\count32
\TotalcommentsRemoved=\count33
\TotalcommentsPassed=\count34
\TotalcodeLinesPassed=\count35
\NumberOfFiles=\count36
\inFile=\read0
\inputcheck=\read1
\@tempcnta=\count37
\off@0=\count38
\off@1=\count39
\off@2=\count40
\off@3=\count41
\off@4=\count42
\off@5=\count43
\off@6=\count44
\off@7=\count45
\off@8=\count46
\off@9=\count47
\off@10=\count48
\off@11=\count49
\off@12=\count50
\off@13=\count51
\off@14=\count52
\off@15=\count53
\@temptokena=\toks12
\@maxfiles=\count54
\@maxoutfiles=\count55
Utility: `docstrip' 2.5e <2014/09/29>
English documentation    <2017/03/13>

**********************************************************
* This program converts documented macro-files into fast *
* loadable files by stripping off (nearly) all comments! *
**********************************************************

********************************************************
* No Configuration file found, using default settings. *
********************************************************

)
File statmath.sty already exists somewhere on the system.
Overwrite it if necessary? [y/n]
\answer=y

Generating file(s) statmath.sty 
\openout0 = `statmath.sty'.


Processing file statmath.dtx (package) -> statmath.sty
File statmath.dtx ended by \endinput.
Lines  processed: 335
Comments removed: 196
Comments  passed: 0
Codelines passed: 134

*********************************************************
*
* To finish the installation you have to move the
* following file into a directory searched by TeX:
*
*   statmath.sty
*
* To produce the documentation run the file statmath.dtx
* through LaTeX.
*
* Happy TeXing!
*********************************************************
 )
No pages of output.
